<?xml version="1.0" encoding="UTF-8"?>
<testng-results ignored="0" total="2" passed="2" failed="0" skipped="0">
  <reporter-output>
  </reporter-output>
  <suite started-at="2022-04-22T08:35:37 ICT" name="Surefire suite" finished-at="2022-04-22T08:35:37 ICT" duration-ms="334">
    <groups>
      <group name="cucumber">
        <method signature="AbstractTestNGCucumberTests.runScenario(io.cucumber.testng.PickleWrapper,io.cucumber.testng.FeatureWrapper)[pri:0, instance:TestRunner@18ce0030]" name="runScenario" class="io.cucumber.testng.AbstractTestNGCucumberTests"/>
      </group> <!-- cucumber -->
    </groups>
    <test started-at="2022-04-22T08:35:37 ICT" name="Surefire test" finished-at="2022-04-22T08:35:37 ICT" duration-ms="334">
      <class name="TestRunner">
        <test-method is-config="true" signature="setUpClass(org.testng.ITestContext)[pri:0, instance:TestRunner@18ce0030]" started-at="2022-04-22T08:35:37 ICT" name="setUpClass" finished-at="2022-04-22T08:35:37 ICT" duration-ms="198" status="PASS">
          <params>
            <param index="0">
              <value>
                <![CDATA[org.testng.TestRunner@20bd8be5]]>
              </value>
            </param>
          </params>
          <reporter-output>
          </reporter-output>
        </test-method> <!-- setUpClass -->
        <test-method signature="runScenario(io.cucumber.testng.PickleWrapper,io.cucumber.testng.FeatureWrapper)[pri:0, instance:TestRunner@18ce0030]" started-at="2022-04-22T08:35:37 ICT" name="runScenario" description="Runs Cucumber Scenarios" data-provider="scenarios" finished-at="2022-04-22T08:35:37 ICT" duration-ms="104" status="PASS">
          <params>
            <param index="0">
              <value>
                <![CDATA["init"]]>
              </value>
            </param>
            <param index="1">
              <value>
                <![CDATA["Optional[test]"]]>
              </value>
            </param>
          </params>
          <reporter-output>
          </reporter-output>
        </test-method> <!-- runScenario -->
        <test-method signature="runScenario(io.cucumber.testng.PickleWrapper,io.cucumber.testng.FeatureWrapper)[pri:0, instance:TestRunner@18ce0030]" started-at="2022-04-22T08:35:37 ICT" name="runScenario" description="Runs Cucumber Scenarios" data-provider="scenarios" finished-at="2022-04-22T08:35:37 ICT" duration-ms="104" status="PASS">
          <params>
            <param index="0">
              <value>
                <![CDATA["init"]]>
              </value>
            </param>
            <param index="1">
              <value>
                <![CDATA["Optional[test]"]]>
              </value>
            </param>
          </params>
          <reporter-output>
          </reporter-output>
        </test-method> <!-- runScenario -->
        <test-method is-config="true" signature="tearDownClass()[pri:0, instance:TestRunner@18ce0030]" started-at="2022-04-22T08:35:37 ICT" name="tearDownClass" finished-at="2022-04-22T08:35:37 ICT" duration-ms="5" status="PASS">
          <reporter-output>
          </reporter-output>
        </test-method> <!-- tearDownClass -->
      </class> <!-- TestRunner -->
    </test> <!-- Surefire test -->
  </suite> <!-- Surefire suite -->
</testng-results>
